<?xml version="1.0" encoding="UTF-8"?>
<!-- Generated by org.testng.reporters.JUnitReportReporter -->
<testsuite hostname="M5-L-9D23R93" failures="0" tests="1" name="Car" time="22.324" errors="0" timestamp="2024-01-11T14:04:45 IST" skipped="0">
  <testcase classname="Car" name="openbrowser" time="22.324"/>
  <system-out/>
</testsuite> <!-- Car -->
