<?xml version="1.0" encoding="UTF-8"?>
<!-- Generated by org.testng.reporters.JUnitReportReporter -->
<testsuite hostname="M5-L-9D23R93" failures="0" tests="1" name="webtable" time="86.949" errors="0" timestamp="2024-01-24T23:42:07 IST" skipped="0">
  <testcase classname="webtable" name="gettable" time="86.949"/>
  <system-out/>
</testsuite> <!-- webtable -->
