<?xml version="1.0" encoding="UTF-8"?>
<!-- Generated by org.testng.reporters.JUnitReportReporter -->
<testsuite hostname="M5-L-9D23R93" failures="0" tests="1" name="opennewtab" time="15.927" errors="0" timestamp="2024-01-25T12:00:40 IST" skipped="0">
  <testcase classname="opennewtab" name="opentab" time="15.927"/>
  <system-out/>
</testsuite> <!-- opennewtab -->
