<?xml version="1.0" encoding="UTF-8"?>
<!-- Generated by org.testng.reporters.JUnitReportReporter -->
<testsuite hostname="M5-L-9D23R93" failures="0" tests="1" name="webdrivermanager1" time="33.076" errors="0" timestamp="2024-01-23T16:28:31 IST" skipped="0">
  <testcase classname="webdrivermanager1" name="geturl" time="33.076"/>
  <system-out/>
</testsuite> <!-- webdrivermanager1 -->
