<?xml version="1.0" encoding="UTF-8"?>
<!-- Generated by org.testng.reporters.JUnitReportReporter -->
<testsuite hostname="M5-L-9D23R93" failures="0" tests="1" name="autosuggestdropdown" time="22.434" errors="0" timestamp="2024-01-23T17:56:39 IST" skipped="0">
  <testcase classname="autosuggestdropdown" name="geturl" time="22.434"/>
  <system-out/>
</testsuite> <!-- autosuggestdropdown -->
