<?xml version="1.0" encoding="UTF-8"?>
<!-- Generated by org.testng.reporters.JUnitReportReporter -->
<testsuite hostname="M5-L-9D23R93" failures="0" tests="1" name="uploadfile" time="63.323" errors="0" timestamp="2024-01-11T17:10:02 IST" skipped="0">
  <testcase classname="uploadfile" name="openbrowser" time="63.323"/>
  <system-out/>
</testsuite> <!-- uploadfile -->
