<?xml version="1.0" encoding="UTF-8"?>
<!-- Generated by org.testng.reporters.JUnitReportReporter -->
<testsuite hostname="M5-L-9D23R93" failures="0" tests="1" name="actionsclasskeypresses" time="172.328" errors="0" timestamp="2024-01-30T14:29:52 IST" skipped="0">
  <testcase classname="actionsclasskeypresses" name="openbrowser" time="172.328"/>
  <system-out/>
</testsuite> <!-- actionsclasskeypresses -->
