<?xml version="1.0" encoding="UTF-8"?>
<!-- Generated by org.testng.reporters.JUnitReportReporter -->
<testsuite hostname="M5-L-9D23R93" failures="0" tests="1" name="downloadfile" time="11.060" errors="0" timestamp="2024-01-31T10:26:48 IST" skipped="0">
  <testcase classname="downloadfile" name="openbrowser" time="11.060"/>
  <system-out/>
</testsuite> <!-- downloadfile -->
