<?xml version="1.0" encoding="UTF-8"?>
<!-- Generated by org.testng.reporters.JUnitReportReporter -->
<testsuite hostname="M5-L-9D23R93" failures="0" tests="1" name="datepicker" time="20.336" errors="0" timestamp="2024-01-29T15:49:31 IST" skipped="0">
  <testcase classname="datepicker" name="openbrowser" time="20.336"/>
  <system-out/>
</testsuite> <!-- datepicker -->
