<?xml version="1.0" encoding="UTF-8"?>
<!-- Generated by org.testng.reporters.JUnitReportReporter -->
<testsuite hostname="M5-L-9D23R93" failures="0" tests="1" name="cookie" time="5.974" errors="0" timestamp="2024-02-04T23:21:43 IST" skipped="0">
  <testcase classname="cookie" name="cookie" time="5.974"/>
  <system-out/>
</testsuite> <!-- cookie -->
