<?xml version="1.0" encoding="UTF-8"?>
<!-- Generated by org.testng.reporters.JUnitReportReporter -->
<testsuite hostname="M5-L-9D23R93" failures="0" tests="1" name="tooltip" time="10.081" errors="0" timestamp="2024-01-25T10:34:54 IST" skipped="0">
  <testcase classname="tooltip" name="geturl" time="10.081"/>
  <system-out/>
</testsuite> <!-- tooltip -->
