<?xml version="1.0" encoding="UTF-8"?>
<!-- Generated by org.testng.reporters.JUnitReportReporter -->
<testsuite hostname="M5-L-9D23R93" failures="0" tests="1" name="sizelocationofwebelement" time="21.657" errors="0" timestamp="2024-01-25T12:14:37 IST" skipped="0">
  <testcase classname="sizelocationofwebelement" name="opentab" time="21.657"/>
  <system-out/>
</testsuite> <!-- sizelocationofwebelement -->
