<?xml version="1.0" encoding="UTF-8"?>
<!-- Generated by org.testng.reporters.JUnitReportReporter -->
<testsuite hostname="M5-L-9D23R93" failures="0" tests="1" name="BrowserTest" time="30.533" errors="0" timestamp="2024-02-06T17:12:50 IST" skipped="0">
  <testcase classname="BrowserTest" name="openbrowser" time="30.533"/>
</testsuite> <!-- BrowserTest -->
